Using port 28290
Using server address 127.0.01
Host emily84-ZenBook-UX331FA-UX331FA
1637886684.31: (T 54)
1637886684.36: (D  1)
1637886686.00: (T 34)
1637886686.03: (D  2)
1637886687.74: (T 23)
1637886687.78: (D  3)
1637886689.58: (T 12)
1637886689.61: (D  4)
1637886690.94: (T 34)
1637886690.99: (D  5)
1637886693.07: (T3445)
1637886695.97: (D  6)
1637886695.97: (T 23)
1637886695.99: (D  7)
1637886695.99: (T 12)
1637886696.01: (D  8)
1637886696.34: (T 34)
1637886696.39: (D  9)
1637886697.76: (T 23)
1637886697.80: (D 10)
1637886698.62: (T 12)
1637886698.65: (D 11)
Send 11 transactions