Using port 28290
1637886684.31: #  1 (T 54) from emily84-ZenBook-UX331FA-UX331FA.42479
1637886684.36: #  1 (Done) from emily84-ZenBook-UX331FA-UX331FA.42479
1637886686.00: #  2 (T 34) from emily84-ZenBook-UX331FA-UX331FA.42479
1637886686.03: #  2 (Done) from emily84-ZenBook-UX331FA-UX331FA.42479
1637886687.74: #  3 (T 23) from emily84-ZenBook-UX331FA-UX331FA.42479
1637886687.78: #  3 (Done) from emily84-ZenBook-UX331FA-UX331FA.42479
1637886689.58: #  4 (T 12) from emily84-ZenBook-UX331FA-UX331FA.42479
1637886689.61: #  4 (Done) from emily84-ZenBook-UX331FA-UX331FA.42479
1637886690.94: #  5 (T 34) from emily84-ZenBook-UX331FA-UX331FA.42479
1637886690.99: #  5 (Done) from emily84-ZenBook-UX331FA-UX331FA.42479
1637886693.07: #  6 (T3445) from emily84-ZenBook-UX331FA-UX331FA.42479
1637886695.97: #  6 (Done) from emily84-ZenBook-UX331FA-UX331FA.42479
1637886695.97: #  7 (T 23) from emily84-ZenBook-UX331FA-UX331FA.42479
1637886695.99: #  7 (Done) from emily84-ZenBook-UX331FA-UX331FA.42479
1637886695.99: #  8 (T 12) from emily84-ZenBook-UX331FA-UX331FA.42479
1637886696.01: #  8 (Done) from emily84-ZenBook-UX331FA-UX331FA.42479
1637886696.34: #  9 (T 34) from emily84-ZenBook-UX331FA-UX331FA.42479
1637886696.39: #  9 (Done) from emily84-ZenBook-UX331FA-UX331FA.42479
1637886697.76: # 10 (T 23) from emily84-ZenBook-UX331FA-UX331FA.42479
1637886697.80: # 10 (Done) from emily84-ZenBook-UX331FA-UX331FA.42479
1637886698.62: # 11 (T 12) from emily84-ZenBook-UX331FA-UX331FA.42479
1637886698.65: # 11 (Done) from emily84-ZenBook-UX331FA-UX331FA.42479
SUMMARY
  12 transactions from emily84-ZenBook-UX331FA-UX331FA.42479
0.71 transactions/sec   (11/15.60)
